<?xml version="1.0" encoding="UTF-8"?>
<!-- Generated by org.testng.reporters.JUnitXMLReporter -->
<testsuite ignored="2" hostname="vkzoomin996" failures="0" tests="4" name="TestRunner-2" time="6.109" errors="0" timestamp="2023-08-09T22:09:27 IST">
  <testcase classname="TestNgPractice.Parent_testcase_3" name="edit" time="0.006"/>
  <testcase classname="TestNgPractice.Parent_testcase_3" name="mmmmmreate" time="0.002"/>
  <testcase classname="TestNgPractice.Parent_testcase_4" name="edit" time="0.001"/>
  <testcase classname="TestNgPractice.Parent_testcase_4" name="mmmmmreate" time="0.002"/>
  <testcase classname="com.Sms.GenericUtility.BaseClass" name="@AfterSuite config_AS" time="0.0">
    <ignored/>
  </testcase> <!-- @AfterSuite config_AS -->
  <testcase classname="com.Sms.GenericUtility.BaseClass" name="@BeforeSuite config_BS" time="0.0">
    <ignored/>
  </testcase> <!-- @BeforeSuite config_BS -->
</testsuite> <!-- TestRunner-2 -->
