<?xml version="1.0" encoding="UTF-8"?>
<!-- Generated by org.testng.reporters.JUnitXMLReporter -->
<testsuite ignored="4" hostname="vkzoomin996" failures="0" tests="7" name="Test" time="9.183" errors="0" timestamp="2023-08-17T19:41:43 IST">
  <testcase classname="TestNgPractice.Parent_testcase_01" name="delete" time="0.01"/>
  <testcase classname="TestNgPractice.Parent_testcase_01" name="rename" time="0.001"/>
  <testcase classname="TestNgPractice.Parent_testcase_01" name="update" time="0.001"/>
  <testcase classname="TestNgPractice.Parent_testcase_2" name="create" time="0.002"/>
  <testcase classname="TestNgPractice.Parent_testcase_2" name="edit" time="0.002"/>
  <testcase classname="TestNgPractice.Parent_testcase_3" name="edit" time="0.002"/>
  <testcase classname="TestNgPractice.Parent_testcase_3" name="mmmmmreate" time="0.003"/>
  <testcase classname="com.Sms.GenericUtility.BaseClass" name="@AfterSuite config_AS" time="0.0">
    <ignored/>
  </testcase> <!-- @AfterSuite config_AS -->
  <testcase classname="com.Sms.GenericUtility.BaseClass" name="@AfterSuite config_AS" time="0.0">
    <ignored/>
  </testcase> <!-- @AfterSuite config_AS -->
  <testcase classname="com.Sms.GenericUtility.BaseClass" name="@BeforeSuite config_BS" time="0.0">
    <ignored/>
  </testcase> <!-- @BeforeSuite config_BS -->
  <testcase classname="com.Sms.GenericUtility.BaseClass" name="@BeforeSuite config_BS" time="0.0">
    <ignored/>
  </testcase> <!-- @BeforeSuite config_BS -->
</testsuite> <!-- Test -->
