<?xml version="1.0" encoding="UTF-8"?>
<testng-results ignored="0" total="1" passed="1" failed="0" skipped="0">
  <reporter-output>
  </reporter-output>
  <suite started-at="2023-12-06T07:55:14 IST" name="Default suite" finished-at="2023-12-06T07:55:14 IST" duration-ms="30">
    <groups>
    </groups>
    <test started-at="2023-12-06T07:55:14 IST" name="Default test" finished-at="2023-12-06T07:55:14 IST" duration-ms="30">
      <class name="com.Sms.GenericUtility.Ljfygffh">
        <test-method signature="ffg()[pri:0, instance:com.Sms.GenericUtility.Ljfygffh@74751b3]" started-at="2023-12-06T07:55:14 IST" name="ffg" finished-at="2023-12-06T07:55:14 IST" duration-ms="5" status="PASS">
          <reporter-output>
          </reporter-output>
        </test-method> <!-- ffg -->
      </class> <!-- com.Sms.GenericUtility.Ljfygffh -->
    </test> <!-- Default test -->
  </suite> <!-- Default suite -->
</testng-results>
